# JRE version: OpenJDK Runtime Environment (11.0.15) (build 11.0.15+0-b2043.56-9505619)
# Java VM: OpenJDK 64-Bit Server VM (11.0.15+0-b2043.56-9505619, mixed mode, tiered, compressed oops, g1 gc, windows-amd64)
Heap:
 garbage-first heap   total 347136K, used 257759K [0x0000000080000000, 0x0000000100000000)
  region size 1024K, 37 young (37888K), 4 survivors (4096K)
 Metaspace       used 120640K, capacity 125698K, committed 125980K, reserved 624640K
  class space    used 15589K, capacity 17421K, committed 17536K, reserved 516096K
GC Heap History (20 events):
Event: 99.835 GC heap before
{Heap before GC invocations=78 (full 0):
 garbage-first heap   total 260096K, used 223041K [0x0000000080000000, 0x0000000100000000)
  region size 1024K, 14 young (14336K), 3 survivors (3072K)
 Metaspace       used 119837K, capacity 124717K, committed 124956K, reserved 624640K
  class space    used 15503K, capacity 17262K, committed 17280K, reserved 516096K
}
Event: 99.842 GC heap after
{Heap after GC invocations=79 (full 0):
 garbage-first heap   total 260096K, used 214889K [0x0000000080000000, 0x0000000100000000)
  region size 1024K, 2 young (2048K), 2 survivors (2048K)
 Metaspace       used 119837K, capacity 124717K, committed 124956K, reserved 624640K
  class space    used 15503K, capacity 17262K, committed 17280K, reserved 516096K
}
Event: 99.910 GC heap before
{Heap before GC invocations=79 (full 0):
 garbage-first heap   total 260096K, used 224105K [0x0000000080000000, 0x0000000100000000)
  region size 1024K, 12 young (12288K), 2 survivors (2048K)
 Metaspace       used 119845K, capacity 124718K, committed 124956K, reserved 624640K
  class space    used 15503K, capacity 17262K, committed 17280K, reserved 516096K
}
Event: 99.912 GC heap after
{Heap after GC invocations=80 (full 0):
 garbage-first heap   total 260096K, used 215761K [0x0000000080000000, 0x0000000100000000)
  region size 1024K, 1 young (1024K), 1 survivors (1024K)
 Metaspace       used 119845K, capacity 124718K, committed 124956K, reserved 624640K
  class space    used 15503K, capacity 17262K, committed 17280K, reserved 516096K
}
Event: 100.060 GC heap before
{Heap before GC invocations=80 (full 0):
 garbage-first heap   total 260096K, used 227025K [0x0000000080000000, 0x0000000100000000)
  region size 1024K, 12 young (12288K), 1 survivors (1024K)
 Metaspace       used 119863K, capacity 124719K, committed 124956K, reserved 624640K
  class space    used 15503K, capacity 17262K, committed 17280K, reserved 516096K
}
Event: 100.063 GC heap after
{Heap after GC invocations=81 (full 0):
 garbage-first heap   total 260096K, used 217132K [0x0000000080000000, 0x0000000100000000)
  region size 1024K, 2 young (2048K), 2 survivors (2048K)
 Metaspace       used 119863K, capacity 124719K, committed 124956K, reserved 624640K
  class space    used 15503K, capacity 17262K, committed 17280K, reserved 516096K
}
Event: 100.172 GC heap before
{Heap before GC invocations=81 (full 0):
 garbage-first heap   total 260096K, used 227372K [0x0000000080000000, 0x0000000100000000)
  region size 1024K, 12 young (12288K), 2 survivors (2048K)
 Metaspace       used 120014K, capacity 124985K, committed 125340K, reserved 624640K
  class space    used 15528K, capacity 17308K, committed 17408K, reserved 516096K
}
Event: 100.175 GC heap after
{Heap after GC invocations=82 (full 0):
 garbage-first heap   total 260096K, used 218538K [0x0000000080000000, 0x0000000100000000)
  region size 1024K, 2 young (2048K), 2 survivors (2048K)
 Metaspace       used 120014K, capacity 124985K, committed 125340K, reserved 624640K
  class space    used 15528K, capacity 17308K, committed 17408K, reserved 516096K
}
Event: 100.239 GC heap before
{Heap before GC invocations=83 (full 0):
 garbage-first heap   total 260096K, used 228778K [0x0000000080000000, 0x0000000100000000)
  region size 1024K, 12 young (12288K), 2 survivors (2048K)
 Metaspace       used 120081K, capacity 125107K, committed 125340K, reserved 624640K
  class space    used 15537K, capacity 17325K, committed 17408K, reserved 516096K
}
Event: 100.242 GC heap after
{Heap after GC invocations=84 (full 0):
 garbage-first heap   total 260096K, used 219830K [0x0000000080000000, 0x0000000100000000)
  region size 1024K, 2 young (2048K), 2 survivors (2048K)
 Metaspace       used 120081K, capacity 125107K, committed 125340K, reserved 624640K
  class space    used 15537K, capacity 17325K, committed 17408K, reserved 516096K
}
Event: 100.303 GC heap before
{Heap before GC invocations=84 (full 0):
 garbage-first heap   total 260096K, used 230070K [0x0000000080000000, 0x0000000100000000)
  region size 1024K, 12 young (12288K), 2 survivors (2048K)
 Metaspace       used 120114K, capacity 125126K, committed 125340K, reserved 624640K
  class space    used 15539K, capacity 17328K, committed 17408K, reserved 516096K
}
Event: 100.317 GC heap after
{Heap after GC invocations=85 (full 0):
 garbage-first heap   total 260096K, used 215404K [0x0000000080000000, 0x0000000100000000)
  region size 1024K, 2 young (2048K), 2 survivors (2048K)
 Metaspace       used 120114K, capacity 125126K, committed 125340K, reserved 624640K
  class space    used 15539K, capacity 17328K, committed 17408K, reserved 516096K
}
Event: 100.386 GC heap before
{Heap before GC invocations=85 (full 0):
 garbage-first heap   total 260096K, used 225644K [0x0000000080000000, 0x0000000100000000)
  region size 1024K, 12 young (12288K), 2 survivors (2048K)
 Metaspace       used 120135K, capacity 125144K, committed 125340K, reserved 624640K
  class space    used 15540K, capacity 17331K, committed 17408K, reserved 516096K
}
Event: 100.392 GC heap after
{Heap after GC invocations=86 (full 0):
 garbage-first heap   total 347136K, used 217235K [0x0000000080000000, 0x0000000100000000)
  region size 1024K, 2 young (2048K), 2 survivors (2048K)
 Metaspace       used 120135K, capacity 125144K, committed 125340K, reserved 624640K
  class space    used 15540K, capacity 17331K, committed 17408K, reserved 516096K
}
Event: 100.572 GC heap before
{Heap before GC invocations=86 (full 0):
 garbage-first heap   total 347136K, used 261267K [0x0000000080000000, 0x0000000100000000)
  region size 1024K, 45 young (46080K), 2 survivors (2048K)
 Metaspace       used 120234K, capacity 125230K, committed 125340K, reserved 624640K
  class space    used 15551K, capacity 17350K, committed 17408K, reserved 516096K
}
Event: 100.581 GC heap after
{Heap after GC invocations=87 (full 0):
 garbage-first heap   total 347136K, used 221544K [0x0000000080000000, 0x0000000100000000)
  region size 1024K, 6 young (6144K), 6 survivors (6144K)
 Metaspace       used 120234K, capacity 125230K, committed 125340K, reserved 624640K
  class space    used 15551K, capacity 17350K, committed 17408K, reserved 516096K
}
Event: 102.498 GC heap before
{Heap before GC invocations=87 (full 0):
 garbage-first heap   total 347136K, used 266600K [0x0000000080000000, 0x0000000100000000)
  region size 1024K, 51 young (52224K), 6 survivors (6144K)
 Metaspace       used 120434K, capacity 125504K, committed 125596K, reserved 624640K
  class space    used 15571K, capacity 17388K, committed 17408K, reserved 516096K
}
Event: 102.512 GC heap after
{Heap after GC invocations=88 (full 0):
 garbage-first heap   total 347136K, used 224002K [0x0000000080000000, 0x0000000100000000)
  region size 1024K, 3 young (3072K), 3 survivors (3072K)
 Metaspace       used 120434K, capacity 125504K, committed 125596K, reserved 624640K
  class space    used 15571K, capacity 17388K, committed 17408K, reserved 516096K
}
Event: 104.111 GC heap before
{Heap before GC invocations=88 (full 0):
 garbage-first heap   total 347136K, used 273154K [0x0000000080000000, 0x0000000100000000)
  region size 1024K, 51 young (52224K), 3 survivors (3072K)
 Metaspace       used 120518K, capacity 125619K, committed 125852K, reserved 624640K
  class space    used 15580K, capacity 17404K, committed 17408K, reserved 516096K
}
Event: 104.117 GC heap after
{Heap after GC invocations=89 (full 0):
 garbage-first heap   total 347136K, used 224991K [0x0000000080000000, 0x0000000100000000)
  region size 1024K, 4 young (4096K), 4 survivors (4096K)
 Metaspace       used 120518K, capacity 125619K, committed 125852K, reserved 624640K
  class space    used 15580K, capacity 17404K, committed 17408K, reserved 516096K
}

